<?xml version="1.0" encoding="UTF-8"?>
<!-- Generated by org.testng.reporters.JUnitReportReporter -->
<testsuite hostname="LAPTOP-B8SEEK19" failures="0" tests="1" name="com.docker.selenium.columbus.LoginChrome" time="6.951" errors="0" timestamp="2022-06-25T13:12:06 BST" skipped="0">
  <testcase classname="com.docker.selenium.columbus.LoginChrome" name="LoginPage" time="6.951"/>
  <system-out/>
</testsuite> <!-- com.docker.selenium.columbus.LoginChrome -->
