<?xml version="1.0" encoding="UTF-8"?>
<!-- Generated by org.testng.reporters.JUnitReportReporter -->
<testsuite hostname="LAPTOP-B8SEEK19" failures="0" tests="1" name="com.docker.selenium.columbus.Login2" time="30.219" errors="0" timestamp="2022-06-25T12:52:31 BST" skipped="0">
  <testcase classname="com.docker.selenium.columbus.Login2" name="LoginPage" time="30.219"/>
  <system-out/>
</testsuite> <!-- com.docker.selenium.columbus.Login2 -->
